Added Component: Designator=LS1(Coi Chip Speacker)
Added Component: Designator=Q1(SOT-23)
Add component (AddParameter): Name = "Value"; Value = "C9014"; VariantName = "[No Variations]"
Added Component: Designator=R12(tro smd 0603)
Add component (AddParameter): Name = "Chung_Loai"; Value = "Dán"; VariantName = "[No Variations]"
Add component (AddParameter): Name = "Don_Vi"; Value = "Con"; VariantName = "[No Variations]"
Add component (AddParameter): Name = "Kieu_Chan"; Value = ""; VariantName = "[No Variations]"
Add component (AddParameter): Name = "Ma_Hang"; Value = "MH006327"; VariantName = "[No Variations]"
Add component (AddParameter): Name = "So_Chan"; Value = "2"; VariantName = "[No Variations]"
Add component (AddParameter): Name = "Ten_Linh_Kien"; Value = "Tr? 0603 5% 4.7k"; VariantName = "[No Variations]"
Added Pin To Net: NetName=VCC3V3 Pin=LS1-1
Added Pin To Net: NetName=GND Pin=Q1-2
Added Pin To Net: NetName=BUZZER Pin=R12-1
Added Pin To Net: NetName=BUZZER Pin=U2-25
Added Net: Name=BUZZER
Added Pin To Net: NetName=NetLS1_2 Pin=LS1-2
Added Pin To Net: NetName=NetLS1_2 Pin=Q1-3
Added Net: Name=NetLS1_2
Added Pin To Net: NetName=NetQ1_1 Pin=Q1-1
Added Pin To Net: NetName=NetQ1_1 Pin=R12-2
Added Net: Name=NetQ1_1
Added Member To Class: ClassName=schematic Member=Component LS1 Coi Chip Speaker
Added Member To Class: ClassName=schematic Member=Component P1 Lithium 18650
Added Member To Class: ClassName=schematic Member=Component Q1 HF
Added Member To Class: ClassName=schematic Member=Component R12 4.7k
Added Room: Name=schematic
