Removed Pin From Net: NetName=VCC1V8 Pin=AMS1-4
Removed Pin From Net: NetName=VCC1V8 Pin=C6-2
Removed Pin From Net: NetName=VCC1V8 Pin=C7-2
Removed Pin From Net: NetName=PC13 Pin=U2-2
Removed Pin From Net: NetName=OSC_IN Pin=U2-5
Removed Pin From Net: NetName=OSC_OUT Pin=U2-6
Removed Pin From Net: NetName=RESET Pin=U2-7
Removed Pin From Net: NetName=INT Pin=U2-12
Removed Pin From Net: NetName=BUZZER Pin=U2-13
Removed Pin From Net: NetName=PA4 Pin=U2-14
Removed Pin From Net: NetName=PA5 Pin=U2-15
Removed Pin From Net: NetName=GND Pin=U2-23
Removed Pin From Net: NetName=VCC3V3 Pin=U2-24
Removed Pin From Net: NetName=TX Pin=U2-30
Removed Pin From Net: NetName=RX Pin=U2-31
Removed Pin From Net: NetName=USB_D_N Pin=U2-32
Removed Pin From Net: NetName=USB_D_P Pin=U2-33
Removed Pin From Net: NetName=SWDIO Pin=U2-34
Removed Pin From Net: NetName=GND Pin=U2-35
Removed Pin From Net: NetName=VCC3V3 Pin=U2-36
Removed Pin From Net: NetName=SWDCLK Pin=U2-37
Removed Pin From Net: NetName=SCL Pin=U2-42
Removed Pin From Net: NetName=SDA Pin=U2-43
Removed Pin From Net: NetName=BOOT0 Pin=U2-44
Removed Pin From Net: NetName=GND Pin=U2-47
Removed Pin From Net: NetName=VCC3V3 Pin=U2-48
Added Component: Designator=U2(STM32_LQPF48)
Add component (AddParameter): Name = "ComponentLink1Description"; Value = "Manufacturer Link"; VariantName = "[No Variations]"
Add component (AddParameter): Name = "ComponentLink1URL"; Value = "www.st.com/stm32"; VariantName = "[No Variations]"
Add component (AddParameter): Name = "ComponentLink2Description"; Value = "Datasheet"; VariantName = "[No Variations]"
Add component (AddParameter): Name = "ComponentLink2URL"; Value = "http://www.st.com/stonline/products/literature/ds/13587.pdf"; VariantName = "[No Variations]"
Add component (AddParameter): Name = "DatasheetVersion"; Value = "rev6, Mar-2008"; VariantName = "[No Variations]"
Add component (AddParameter): Name = "PackageDescription"; Value = "48-Pin Low-Profile Quad Flat Pack, 7 x 7 mm Body, 0.5 mm Pitch (LQFP48)"; VariantName = "[No Variations]"
Add component (AddParameter): Name = "PackageReference"; Value = "LQFP48"; VariantName = "[No Variations]"
Add component (AddParameter): Name = "PackageVersion"; Value = "Mar-2008"; VariantName = "[No Variations]"
Add component (AddParameter): Name = "Published"; Value = "30-May-2008"; VariantName = "[No Variations]"
Add component (AddParameter): Name = "Publisher"; Value = "Altium Limited"; VariantName = "[No Variations]"
Added Pin To Net: NetName=PC13 Pin=U2-2
Added Pin To Net: NetName=OSC_IN Pin=U2-5
Added Pin To Net: NetName=OSC_OUT Pin=U2-6
Added Pin To Net: NetName=RESET Pin=U2-7
Added Pin To Net: NetName=INT Pin=U2-12
Added Pin To Net: NetName=BUZZER Pin=U2-13
Added Pin To Net: NetName=PA4 Pin=U2-14
Added Pin To Net: NetName=PA5 Pin=U2-15
Added Pin To Net: NetName=GND Pin=U2-23
Added Pin To Net: NetName=VCC3V3 Pin=U2-24
Added Pin To Net: NetName=TX Pin=U2-30
Added Pin To Net: NetName=RX Pin=U2-31
Added Pin To Net: NetName=USB_D_N Pin=U2-32
Added Pin To Net: NetName=USB_D_P Pin=U2-33
Added Pin To Net: NetName=SWDIO Pin=U2-34
Added Pin To Net: NetName=GND Pin=U2-35
Added Pin To Net: NetName=VCC3V3 Pin=U2-36
Added Pin To Net: NetName=SWDCLK Pin=U2-37
Added Pin To Net: NetName=SCL Pin=U2-42
Added Pin To Net: NetName=SDA Pin=U2-43
Added Pin To Net: NetName=BOOT0 Pin=U2-44
Added Pin To Net: NetName=GND Pin=U2-47
Added Pin To Net: NetName=VCC3V3 Pin=U2-48
Added Pin To Net: NetName=NetAMS1_4 Pin=AMS1-4
Added Pin To Net: NetName=NetAMS1_4 Pin=C6-2
Added Pin To Net: NetName=NetAMS1_4 Pin=C7-2
Added Net: Name=NetAMS1_4
Added Room: Name=schematic
